<?xml version="1.0" encoding="UTF-8"?>
<testsuite name="EspnTest_Android" tests="1" skipped="0" failures="0" errors="0" timestamp="2020-12-30T17:19:22" hostname="YGEVA-LT" time="294.966">
  <properties/>
  <testcase name="Test1()" classname="EspnTest_Android" time="294.966"/>
  <system-out><![CDATA[No approve condition notification
Aplication Started
true
true
true
true
test 1 finished
directory created at: /
file data written at: \RUN_1609348762641\null.txt
]]></system-out>
  <system-err><![CDATA[Dec 30, 2020 7:19:40 PM io.appium.java_client.remote.AppiumCommandExecutor$1 lambda$0
INFO: Detected dialect: OSS
]]></system-err>
</testsuite>
