<?xml version="1.0" encoding="UTF-8"?>
<testsuite name="EriBankTest_ios" tests="2" skipped="0" failures="0" errors="0" timestamp="2020-12-30T12:51:43" hostname="YGEVA-LT" time="469.569">
  <properties/>
  <testcase name="Test1()" classname="EriBankTest_ios" time="361.969"/>
  <testcase name="Test2()" classname="EriBankTest_ios" time="107.599"/>
  <system-out><![CDATA[Aplication Started
test 1 finished
directory created at: C:\Users\YuvalGeva\IdeaProjects\AppiumGridProj\.\RUN_1609332703457
file data written at: .\RUN_1609332703457\device1.txt
Aplication Started
file data written at: .\RUN_1609332703457\device1.txt
]]></system-out>
  <system-err><![CDATA[Dec 30, 2020 2:52:09 PM io.appium.java_client.remote.AppiumCommandExecutor$1 lambda$0
INFO: Detected dialect: OSS
Dec 30, 2020 2:58:10 PM io.appium.java_client.remote.AppiumCommandExecutor$1 lambda$0
INFO: Detected dialect: OSS
]]></system-err>
</testsuite>
