<?xml version="1.0" encoding="UTF-8"?>
<testsuite name="TapTheDotTest" tests="1" skipped="0" failures="0" errors="0" timestamp="2020-12-17T09:45:17" hostname="YGEVA-LT" time="69.416">
  <properties/>
  <testcase name="Test2()" classname="TapTheDotTest" time="69.416"/>
  <system-out><![CDATA[Application Started
failed to catch the button on the:2's try
]]></system-out>
  <system-err><![CDATA[Dec 17, 2020 11:45:40 AM io.appium.java_client.remote.AppiumCommandExecutor$1 lambda$0
INFO: Detected dialect: OSS
]]></system-err>
</testsuite>
