<?xml version="1.0" encoding="UTF-8"?>
<testsuite name="AppStoreTest_Android" tests="2" skipped="0" failures="0" errors="0" timestamp="2020-12-24T17:14:03" hostname="YGEVA-LT" time="154.682">
  <properties/>
  <testcase name="Test1()" classname="AppStoreTest_Android" time="94.585"/>
  <testcase name="Test2()" classname="AppStoreTest_Android" time="60.097"/>
  <system-out><![CDATA[Aplication Started
-----------TEST AppStore Download passed ------------

directory created at: C:\Users\YuvalGeva\IdeaProjects\AppiumGridProj\.\RUN_1608830043085
file data written at: .\RUN_1608830043085\device1.txt
Aplication Started
1.Wallpapers for Fortnite skins, fight pass season 9

2.Skins for Fortnite

3.Adobe Acrobat Reader: PDF Viewer, Editor & Creator

4.VLC for Android

5.????? tv

6.QR & Barcode Reader

7.SketchBook - draw and paint

8.Face Live Camera: Photo Filters, Emojis, Stickers

9.Miga Town: My World

10.NetFlix Guide 2020 - Streaming Movies and Series

-----------TEST AppStore top10 passed ------------

file data written at: .\RUN_1608830043085\device1.txt
]]></system-out>
  <system-err><![CDATA[Dec 24, 2020 7:14:36 PM io.appium.java_client.remote.AppiumCommandExecutor$1 lambda$0
INFO: Detected dialect: OSS
Dec 24, 2020 7:15:56 PM io.appium.java_client.remote.AppiumCommandExecutor$1 lambda$0
INFO: Detected dialect: OSS
]]></system-err>
</testsuite>
