<?xml version="1.0" encoding="UTF-8"?>
<testsuite name="AppStoreTest_Android" tests="2" skipped="0" failures="0" errors="0" timestamp="2020-12-24T16:26:32" hostname="YGEVA-LT" time="154.916">
  <properties/>
  <testcase name="Test1()" classname="AppStoreTest_Android" time="95.161"/>
  <testcase name="Test2()" classname="AppStoreTest_Android" time="59.755"/>
  <system-out><![CDATA[Aplication Started
-----------TEST AppStore Download passed ------------

directory created at: C:\Users\YuvalGeva\IdeaProjects\AppiumGridProj\.\RUN_1608827192539
file data written at: .\RUN_1608827192539\device1.txt
Aplication Started
1.Puppy Salon - Daycare & Rescue Jobs

2.Color by Number Oil Painting

3.Real Commando Mission - Free Shooting Games 2020

4.Wallpapers for Fortnite skins, fight pass season 9

5.Skins for Fortnite

6.Adobe Acrobat Reader: PDF Viewer, Editor & Creator

7.VLC for Android

8.????? tv

9.QR & Barcode Reader

10.SketchBook - draw and paint

-----------TEST AppStore top10 passed ------------

directory created at: C:\Users\YuvalGeva\IdeaProjects\AppiumGridProj\.\RUN_1608827287696
file data written at: .\RUN_1608827287696\device1.txt
]]></system-out>
  <system-err><![CDATA[Dec 24, 2020 6:27:06 PM io.appium.java_client.remote.AppiumCommandExecutor$1 lambda$0
INFO: Detected dialect: OSS
Dec 24, 2020 6:28:26 PM io.appium.java_client.remote.AppiumCommandExecutor$1 lambda$0
INFO: Detected dialect: OSS
]]></system-err>
</testsuite>
