<?xml version="1.0" encoding="UTF-8"?>
<testsuite name="AppStoreTest_Android" tests="2" skipped="0" failures="0" errors="0" timestamp="2020-12-23T16:15:52" hostname="YGEVA-LT" time="86.818">
  <properties/>
  <testcase name="Test1()" classname="AppStoreTest_Android" time="36.246"/>
  <testcase name="Test2()" classname="AppStoreTest_Android" time="50.571"/>
  <system-out><![CDATA[Aplication Started
-----------TEST AppStore Downloadpassed ------------

directory created at: ./
file data written at: .\RUN_1608740152129\device1.txt
Aplication Started
1.TikTok

2.Netflix

3.Kamera Lab

4.ibis Paint X

5.No.Pix - Color by Number, Pixel Art Coloring Book

6.Google Play Games

7.FortuneScope: live palm reader and fortune teller

8.Facebook

9.Instagram

10.Telegram

-----------TEST AppStore top10passed ------------

directory created at: ./
file data written at: .\RUN_1608740188372\device1.txt
]]></system-out>
  <system-err><![CDATA[Dec 23, 2020 6:16:12 PM io.appium.java_client.remote.AppiumCommandExecutor$1 lambda$0
INFO: Detected dialect: OSS
Dec 23, 2020 6:16:47 PM io.appium.java_client.remote.AppiumCommandExecutor$1 lambda$0
INFO: Detected dialect: OSS
]]></system-err>
</testsuite>
