<?xml version="1.0" encoding="UTF-8"?>
<testsuite name="AppStoreTest_Android" tests="1" skipped="0" failures="0" errors="0" timestamp="2020-12-23T08:37:15" hostname="YGEVA-LT" time="36.281">
  <properties/>
  <testcase name="Test2()" classname="AppStoreTest_Android" time="36.281"/>
  <system-out><![CDATA[Aplication Started
YouTube Kids
TikTok
ibis Paint X
Netflix
Kamera Lab
No.Pix - Color by Number, Pixel Art Coloring Book
Kidoodle.TV - Safe Streamingâ„¢
-----------TEST AppStore top10passed ------------

directory created at: ./
file data written at: .\RUN_1608712635554\device1.txt
]]></system-out>
  <system-err><![CDATA[Dec 23, 2020 10:37:37 AM io.appium.java_client.remote.AppiumCommandExecutor$1 lambda$0
INFO: Detected dialect: OSS
]]></system-err>
</testsuite>
