<?xml version="1.0" encoding="UTF-8"?>
<testsuite name="AppStoreTest_ios" tests="1" skipped="0" failures="0" errors="0" timestamp="2020-12-28T14:48:31" hostname="YGEVA-LT" time="107.417">
  <properties/>
  <testcase name="Test2()" classname="AppStoreTest_ios" time="107.417"/>
  <system-out><![CDATA[Aplication Started
1. DOP 2: Delete One Part

2. Phone Case DIY

3. Icing On The Dress

4. Among Us!

5. Sushi Roll 3D - ASRM Food Game

6. Buggy Rush

7. Construction Set - Toys Puzzle

8. Roblox

9. Fat Pusher

10. Jump Dunk 3D

-----------TEST AppStore top10 passed ------------

directory created at: C:\Users\YuvalGeva\IdeaProjects\AppiumGridProj\.\RUN_1609166911954
file data written at: .\RUN_1609166911954\device1.txt
]]></system-out>
  <system-err><![CDATA[Dec 28, 2020 4:48:58 PM io.appium.java_client.remote.AppiumCommandExecutor$1 lambda$0
INFO: Detected dialect: OSS
]]></system-err>
</testsuite>
