<?xml version="1.0" encoding="UTF-8"?>
<testsuite name="EspnTest" tests="1" skipped="0" failures="0" errors="0" timestamp="2020-12-17T12:18:35" hostname="YGEVA-LT" time="253.241">
  <properties/>
  <testcase name="Test1()" classname="EspnTest" time="253.241"/>
  <system-out><![CDATA[No approve condition notification
Aplication Started
true
true
true
true
]]></system-out>
  <system-err><![CDATA[Dec 17, 2020 2:18:48 PM io.appium.java_client.remote.AppiumCommandExecutor$1 lambda$0
INFO: Detected dialect: OSS
]]></system-err>
</testsuite>
